
--------------- INPUT DATA ---------------
#variables                      30
#equations                      52
#invalid equations               0
field characteristic             0
homogeneous input?               0
signature-based computation      0
monomial order                 DRL
basis hash table resetting     OFF
linear algebra option            2
initial hash table size     131072 (2^17)
max pair selection             ALL
reduce gb                        1
#threads                        20
info level                       2
generate pbm files               0
------------------------------------------

Legend for f4 information
--------------------------------------------------------
deg       current degree of pairs selected in this round
sel       number of pairs selected in this round
pairs     total number of pairs in pair list
mat       matrix dimensions (# rows x # columns)
density   density of the matrix
new data  # new elements for basis in this round
          # zero reductions during linear algebra
time(rd)  time of the current f4 round in seconds given
          for real and cpu time
--------------------------------------------------------

deg     sel   pairs        mat          density            new data         time(rd) in sec (real|cpu)
------------------------------------------------------------------------------------------------------
  1       1      37       7 x 16         33.04%        1 new       0 zero         0.00 | 0.01         
  2      37      37     135 x 228         2.90%       26 new      11 zero         0.00 | 0.08         
  3     130     130     797 x 1567        0.82%      110 new      20 zero         0.02 | 0.38         
  4    1137    1184    5886 x 8559        0.49%      464 new     673 zero         0.28 | 5.34         
  4     460    6235    5897 x 10244       0.62%      417 new      43 zero         0.50 | 9.49         
  3      11    8501     657 x 1694        5.56%       11 new       0 zero         0.02 | 0.50         
  4    2266    8425   10789 x 13168       1.20%     1924 new     343 zero         8.51 | 162.95       
  3     670   12804    2371 x 2299        6.78%      428 new     242 zero         2.94 | 56.89        
  2      58    7594     286 x 279        11.65%        7 new      51 zero         0.03 | 0.60         
  3    2929    7343    5144 x 2182        3.26%       36 new    2998 zero         0.32 | 6.23         
  3     388    4488    1693 x 1313        2.11%        3 new     406 zero         0.02 | 0.46         
  4    4154    4154   16254 x 12122       1.14%        0 new    4158 zero         1.19 | 21.27        
------------------------------------------------------------------------------------------------------
reduce final basis      233 x 259        10.17%      201 new       0 zero         0.00 | 0.04         
------------------------------------------------------------------------------------------------------

---------------- TIMINGS ----------------
overall(elapsed)       13.97 sec
overall(cpu)          264.78 sec
select                  0.33 sec   2.4%
symbolic prep.          0.13 sec   0.9%
update                 11.23 sec  80.4%
convert                 0.02 sec   0.1%
linear algebra          2.13 sec  15.3%
reduce gb               0.00 sec   0.0%
-----------------------------------------

---------- COMPUTATIONAL DATA -----------
size of basis                   201
#terms in basis                3269
#pairs reduced                12241
#GM criterion               6037740
#redundant elements            3278
#rows reduced                 24945
#zero reductions               8945
max. matrix data              16254 x 12122 (1.139%)
max. symbolic hash table size  2^14
max. basis hash table size     2^21
-----------------------------------------


---------- COMPUTATIONAL DATA -----------
[11][184][6]
#polynomials to lift            201
-----------------------------------------

---------------- TIMINGS ----------------
multi-mod overall(elapsed)      0.71 sec
learning phase                  0.00 Gops/sec
application phase               0.00 Gops/sec
-----------------------------------------

multi-modular steps
------------------------------------------------------------------------------------------------------
{1}{2}<100.00%>

------------------------------------------------------------------------------------
msolve overall time          18.05 sec (elapsed) / 295.15 sec (cpu)
------------------------------------------------------------------------------------
 
------------------------------------------------------------------------------------------------------


---------- COMPUTATIONAL DATA -----------
Max coeff. bitsize                9
#primes                           3
#bad primes                       0
-----------------------------------------

---------------- TIMINGS ----------------
CRT     (elapsed)               0.00 sec
ratrecon(elapsed)               0.00 sec
-----------------------------------------
       JobID MaxPages     MaxRSS  MaxVMSize   NTasks             Nodelist 
------------ -------- ---------- ---------- -------- -------------------- 
4403795.bat+       14      3764K    215444K        1               node27 
