/var/spool/slurm/d/job5131914/slurm_script: línea 24: cd: /clusteruy/home/mvaldes/idealCartesian/: No existe el fichero o el directorio

--------------- INPUT DATA ---------------
#variables                      30
#equations                      39
#invalid equations               0
field characteristic             0
homogeneous input?               0
signature-based computation      0
monomial order                 DRL
basis hash table resetting     OFF
linear algebra option            2
initial hash table size     131072 (2^17)
max pair selection             ALL
reduce gb                        1
#threads                        40
info level                       2
generate pbm files               0
------------------------------------------
Initial prime = 1197742099

Legend for f4 information
--------------------------------------------------------
deg       current degree of pairs selected in this round
sel       number of pairs selected in this round
pairs     total number of pairs in pair list
mat       matrix dimensions (# rows x # columns)
density   density of the matrix
new data  # new elements for basis in this round
          # zero reductions during linear algebra
time(rd)  time of the current f4 round in seconds given
          for real and cpu time
--------------------------------------------------------

deg     sel   pairs        mat          density            new data         time(rd) in sec (real|cpu)
------------------------------------------------------------------------------------------------------
  2       4     103      23 x 90          8.70%        3 new       1 zero         0.00 | 0.05         
  2      16      80      55 x 176         3.26%       16 new       0 zero         0.00 | 0.08         
  3      90     133     599 x 1830        0.44%       67 new      23 zero         0.01 | 0.37         
  3       1     658       5 x 7          42.86%        0 new       1 zero         0.00 | 0.02         
  4     576     657    4164 x 12672       0.13%      289 new     287 zero         0.11 | 4.27         
  5    3639    4669   32595 x 71846       0.05%     1317 new    2322 zero         2.24 | 75.99        
  5    2342   25117   19258 x 42406       0.41%     1853 new     489 zero        11.52 | 428.98       
  4    1310   42712    4995 x 10639       2.53%     1299 new      11 zero        17.08 | 661.50       
  4     593   56395    6333 x 15253       2.76%      552 new      55 zero         9.80 | 357.28       
  4     265   61422    6107 x 14657       3.83%      140 new     125 zero         3.03 | 97.04        
  4     106   62145    6385 x 16124       3.36%       44 new      62 zero         1.22 | 32.12        
  4      27   62672    5854 x 15536       3.34%       25 new       2 zero         0.76 | 17.67        
  5   32099   63059  127751 x 147597      0.54%     9156 new   23026 zero       620.22 | 10269.97     
  4    4614  107089   17440 x 22898       3.35%     1560 new    3139 zero       167.46 | 1562.05      
  4    4423   88910   18069 x 22307       3.38%     1306 new    3229 zero       113.00 | 1289.96      
  4    2391   92774   17155 x 22739       3.26%      673 new    1763 zero        60.29 | 663.53       
  4     261  102284   12949 x 20025       3.51%       71 new     190 zero         7.62 | 71.80        
  4     157  102750   12660 x 19763       3.53%       43 new     115 zero         4.99 | 42.94        
  4      79  103086   12616 x 19761       3.53%       22 new      57 zero         2.86 | 24.02        
  5   84644  103433  238184 x 173740      0.60%     5960 new   79635 zero       884.02 | 11946.02     
  4    2268   87661   19459 x 22137       3.48%      599 new    1694 zero        91.52 | 634.22       
  5   68531   92405  181405 x 122918      0.64%     4043 new   64715 zero       822.44 | 7193.17      
  4    5511   80585   23636 x 20904       3.33%      745 new    4789 zero       144.18 | 844.43       
  4    7128   74587   31320 x 26907       2.04%      189 new    7108 zero        31.98 | 280.67       
  4      54   71840   11001 x 12946       4.26%        0 new      54 zero         0.54 | 1.80         
  5   67116   71786  197528 x 131735      0.47%        7 new   68481 zero        77.16 | 2673.23      
  5     189    4799   51147 x 52950       1.03%        0 new     189 zero         2.34 | 11.42        
  6    4610    4610  437324 x 435401      0.11%        0 new    4611 zero        30.39 | 527.85       
------------------------------------------------------------------------------------------------------
reduce final basis    15739 x 18427       3.03%     5681 new       0 zero         1.56 | 2.57         
------------------------------------------------------------------------------------------------------

---------------- TIMINGS ----------------
overall(elapsed)     3108.59 sec
overall(cpu)        39715.50 sec
select                 39.17 sec   1.3%
symbolic prep.         41.68 sec   1.3%
update               2612.64 sec  84.0%
convert                 0.90 sec   0.0%
linear algebra        413.44 sec  13.3%
reduce gb               0.00 sec   0.0%
-----------------------------------------

---------- COMPUTATIONAL DATA -----------
size of basis                  5681
#terms in basis             3268865
#pairs reduced               293044
#GM criterion             450232109
#redundant elements           24337
#rows reduced                597985
#zero reductions             266173
max. matrix data             437324 x 435401 (0.108%)
max. symbolic hash table size  2^19
max. basis hash table size     2^27
-----------------------------------------


---------------- TIMINGS ----------------
overall(elapsed)     3108.88 sec
overall(cpu)        39716.62 sec
tracer                  0.00 sec   0.0%
convert                 0.00 sec   0.0%
linear algebra          0.00 sec   0.0%
reduce gb               0.00 sec   0.0%
-----------------------------------------

---------- COMPUTATIONAL DATA -----------
size of basis                     0
#terms in basis                   0
#pairs reduced                    0
#GM criterion                     0
#redundant elements               0
#rows reduced                     0
#zero reductions                  0
max. matrix data                  0 x 0 (0.000%)
max. symbolic hash table size  2^-2147483648
max. basis hash table size     2^16
-----------------------------------------



------------------------------------------------------------------------------------
msolve overall time        3109.86 sec (elapsed) / 39717.43 sec (cpu)
------------------------------------------------------------------------------------
       JobID MaxPages     MaxRSS  MaxVMSize   NTasks             Nodelist 
------------ -------- ---------- ---------- -------- -------------------- 
5131914.bat+       16  15137180K  21913724K        1               node24 
