/var/spool/slurm/d/job5131951/slurm_script: línea 24: cd: /clusteruy/home/mvaldes/idealCartesian/: No existe el fichero o el directorio

--------------- INPUT DATA ---------------
#variables                      15
#equations                      22
#invalid equations               0
field characteristic             0
homogeneous input?               0
signature-based computation      0
monomial order                 DRL
basis hash table resetting     OFF
linear algebra option            2
initial hash table size     131072 (2^17)
max pair selection             ALL
reduce gb                        1
#threads                        40
info level                       2
generate pbm files               0
------------------------------------------
Initial prime = 1164651967

Legend for f4 information
--------------------------------------------------------
deg       current degree of pairs selected in this round
sel       number of pairs selected in this round
pairs     total number of pairs in pair list
mat       matrix dimensions (# rows x # columns)
density   density of the matrix
new data  # new elements for basis in this round
          # zero reductions during linear algebra
time(rd)  time of the current f4 round in seconds given
          for real and cpu time
--------------------------------------------------------

deg     sel   pairs        mat          density            new data         time(rd) in sec (real|cpu)
------------------------------------------------------------------------------------------------------
  2       4      36      15 x 36         13.33%        3 new       1 zero         0.00 | 0.03         
  2      10      30      33 x 61          5.76%       10 new       0 zero         0.00 | 0.05         
  3      48      48     206 x 284         1.42%       30 new      18 zero         0.00 | 0.10         
  3      51     165     136 x 152         3.21%       32 new      19 zero         0.00 | 0.10         
  2      28     203      71 x 61          5.47%        7 new      21 zero         0.00 | 0.04         
  2       6     139      21 x 31         13.21%        5 new       1 zero         0.00 | 0.03         
  2       5     115      21 x 26         13.92%        2 new       3 zero         0.00 | 0.02         
  2       5      83      17 x 23         15.35%        3 new       2 zero         0.00 | 0.02         
  3      79      86     302 x 237         1.69%        2 new      77 zero         0.00 | 0.03         
  3       5      14      31 x 35         11.15%        2 new       3 zero         0.00 | 0.02         
  3       8      15      32 x 32          9.28%        0 new       8 zero         0.00 | 0.01         
  4       7       7      52 x 52          6.07%        0 new       7 zero         0.00 | 0.01         
------------------------------------------------------------------------------------------------------
reduce final basis       25 x 33         10.30%       23 new       0 zero         0.00 | 0.01         
------------------------------------------------------------------------------------------------------

---------------- TIMINGS ----------------
overall(elapsed)        0.03 sec
overall(cpu)            1.21 sec
select                  0.00 sec   1.9%
symbolic prep.          0.00 sec   1.2%
update                  0.03 sec  80.6%
convert                 0.00 sec   3.9%
linear algebra          0.00 sec   7.6%
reduce gb               0.00 sec   0.0%
-----------------------------------------

---------- COMPUTATIONAL DATA -----------
size of basis                    23
#terms in basis                  76
#pairs reduced                  256
#GM criterion                  6647
#redundant elements              95
#rows reduced                   535
#zero reductions                160
max. matrix data                302 x 237 (1.688%)
max. symbolic hash table size  2^11
max. basis hash table size     2^16
-----------------------------------------


---------------- TIMINGS ----------------
overall(elapsed)        0.04 sec
overall(cpu)            1.21 sec
tracer                  0.00 sec   0.0%
convert                 0.00 sec   0.0%
linear algebra          0.00 sec   0.0%
reduce gb               0.00 sec   0.0%
-----------------------------------------

---------- COMPUTATIONAL DATA -----------
size of basis                     0
#terms in basis                   0
#pairs reduced                    0
#GM criterion                     0
#redundant elements               0
#rows reduced                     0
#zero reductions                  0
max. matrix data                  0 x 0 (0.000%)
max. symbolic hash table size  2^-2147483648
max. basis hash table size     2^16
-----------------------------------------



------------------------------------------------------------------------------------
msolve overall time           0.12 sec (elapsed) /  1.86 sec (cpu)
------------------------------------------------------------------------------------
       JobID MaxPages     MaxRSS  MaxVMSize   NTasks             Nodelist 
------------ -------- ---------- ---------- -------- -------------------- 
5131951.bat+       18      3940K    217792K        1               node26 
